<?xml version="1.0" encoding="UTF-8"?>
<!-- Generated by org.testng.reporters.JUnitReportReporter -->
<testsuite hostname="SELVAGANAPATHI" name="zaiservepackage.Logintest" tests="14" failures="0" timestamp="6 Sep 2020 12:31:04 GMT" time="211.901" errors="0">
  <testcase name="test_thirteen" time="11.818" classname="zaiservepackage.Logintest"/>
  <testcase name="test_six" time="9.752" classname="zaiservepackage.Logintest"/>
  <testcase name="test_three" time="40.180" classname="zaiservepackage.Logintest"/>
  <testcase name="test_five" time="9.104" classname="zaiservepackage.Logintest"/>
  <testcase name="test_userid_password" time="20.424" classname="zaiservepackage.Logintest"/>
  <testcase name="test_tweleve" time="9.488" classname="zaiservepackage.Logintest"/>
  <testcase name="test_one" time="19.600" classname="zaiservepackage.Logintest"/>
  <testcase name="test_eleven" time="9.228" classname="zaiservepackage.Logintest"/>
  <testcase name="test_nine" time="25.879" classname="zaiservepackage.Logintest"/>
  <testcase name="test_four" time="9.918" classname="zaiservepackage.Logintest"/>
  <testcase name="test_eight" time="8.724" classname="zaiservepackage.Logintest"/>
  <testcase name="test_eighta" time="20.326" classname="zaiservepackage.Logintest"/>
  <testcase name="test_seven" time="7.761" classname="zaiservepackage.Logintest"/>
  <testcase name="test_ten" time="9.699" classname="zaiservepackage.Logintest"/>
</testsuite> <!-- zaiservepackage.Logintest -->
